<?xml version="1.0" encoding="UTF-8"?>
<testsuite xmlns:xsi="http://www.w3.org/2001/XMLSchema-instance" xsi:noNamespaceSchemaLocation="https://maven.apache.org/surefire/maven-surefire-plugin/xsd/surefire-test-report.xsd" name="com.example.ReggieTakeOutApplicationTests" time="6.157" tests="1" errors="0" skipped="0" failures="0">
  <properties>
    <property name="socksProxyHost" value="127.0.0.1"/>
    <property name="http.proxyHost" value="127.0.0.1"/>
    <property name="java.specification.version" value="17"/>
    <property name="sun.jnu.encoding" value="UTF-8"/>
    <property name="java.class.path" value="/Users/qiuyun/IdeaProjects/reggie_take_out/target/test-classes:/Users/qiuyun/IdeaProjects/reggie_take_out/target/classes:/Library/apache-maven-3.6.0/repo/mysql/mysql-connector-java/8.0.30/mysql-connector-java-8.0.30.jar:/Library/apache-maven-3.6.0/repo/org/springframework/boot/spring-boot-starter-web/2.7.4/spring-boot-starter-web-2.7.4.jar:/Library/apache-maven-3.6.0/repo/org/springframework/boot/spring-boot-starter/2.7.4/spring-boot-starter-2.7.4.jar:/Library/apache-maven-3.6.0/repo/org/springframework/boot/spring-boot/2.7.4/spring-boot-2.7.4.jar:/Library/apache-maven-3.6.0/repo/org/springframework/boot/spring-boot-starter-logging/2.7.4/spring-boot-starter-logging-2.7.4.jar:/Library/apache-maven-3.6.0/repo/ch/qos/logback/logback-classic/1.2.11/logback-classic-1.2.11.jar:/Library/apache-maven-3.6.0/repo/ch/qos/logback/logback-core/1.2.11/logback-core-1.2.11.jar:/Library/apache-maven-3.6.0/repo/org/apache/logging/log4j/log4j-to-slf4j/2.17.2/log4j-to-slf4j-2.17.2.jar:/Library/apache-maven-3.6.0/repo/org/apache/logging/log4j/log4j-api/2.17.2/log4j-api-2.17.2.jar:/Library/apache-maven-3.6.0/repo/org/slf4j/jul-to-slf4j/1.7.36/jul-to-slf4j-1.7.36.jar:/Library/apache-maven-3.6.0/repo/jakarta/annotation/jakarta.annotation-api/1.3.5/jakarta.annotation-api-1.3.5.jar:/Library/apache-maven-3.6.0/repo/org/yaml/snakeyaml/1.30/snakeyaml-1.30.jar:/Library/apache-maven-3.6.0/repo/org/springframework/boot/spring-boot-starter-json/2.7.4/spring-boot-starter-json-2.7.4.jar:/Library/apache-maven-3.6.0/repo/com/fasterxml/jackson/core/jackson-databind/2.13.4/jackson-databind-2.13.4.jar:/Library/apache-maven-3.6.0/repo/com/fasterxml/jackson/core/jackson-annotations/2.13.4/jackson-annotations-2.13.4.jar:/Library/apache-maven-3.6.0/repo/com/fasterxml/jackson/core/jackson-core/2.13.4/jackson-core-2.13.4.jar:/Library/apache-maven-3.6.0/repo/com/fasterxml/jackson/datatype/jackson-datatype-jdk8/2.13.4/jackson-datatype-jdk8-2.13.4.jar:/Library/apache-maven-3.6.0/repo/com/fasterxml/jackson/datatype/jackson-datatype-jsr310/2.13.4/jackson-datatype-jsr310-2.13.4.jar:/Library/apache-maven-3.6.0/repo/com/fasterxml/jackson/module/jackson-module-parameter-names/2.13.4/jackson-module-parameter-names-2.13.4.jar:/Library/apache-maven-3.6.0/repo/org/springframework/boot/spring-boot-starter-tomcat/2.7.4/spring-boot-starter-tomcat-2.7.4.jar:/Library/apache-maven-3.6.0/repo/org/apache/tomcat/embed/tomcat-embed-core/9.0.65/tomcat-embed-core-9.0.65.jar:/Library/apache-maven-3.6.0/repo/org/apache/tomcat/embed/tomcat-embed-el/9.0.65/tomcat-embed-el-9.0.65.jar:/Library/apache-maven-3.6.0/repo/org/apache/tomcat/embed/tomcat-embed-websocket/9.0.65/tomcat-embed-websocket-9.0.65.jar:/Library/apache-maven-3.6.0/repo/org/springframework/spring-web/5.3.23/spring-web-5.3.23.jar:/Library/apache-maven-3.6.0/repo/org/springframework/spring-beans/5.3.23/spring-beans-5.3.23.jar:/Library/apache-maven-3.6.0/repo/org/springframework/spring-webmvc/5.3.23/spring-webmvc-5.3.23.jar:/Library/apache-maven-3.6.0/repo/org/springframework/spring-aop/5.3.23/spring-aop-5.3.23.jar:/Library/apache-maven-3.6.0/repo/org/springframework/spring-context/5.3.23/spring-context-5.3.23.jar:/Library/apache-maven-3.6.0/repo/org/springframework/spring-expression/5.3.23/spring-expression-5.3.23.jar:/Library/apache-maven-3.6.0/repo/org/projectlombok/lombok/1.18.20/lombok-1.18.20.jar:/Library/apache-maven-3.6.0/repo/org/springframework/boot/spring-boot-starter-test/2.7.4/spring-boot-starter-test-2.7.4.jar:/Library/apache-maven-3.6.0/repo/org/springframework/boot/spring-boot-test/2.7.4/spring-boot-test-2.7.4.jar:/Library/apache-maven-3.6.0/repo/org/springframework/boot/spring-boot-test-autoconfigure/2.7.4/spring-boot-test-autoconfigure-2.7.4.jar:/Library/apache-maven-3.6.0/repo/com/jayway/jsonpath/json-path/2.7.0/json-path-2.7.0.jar:/Library/apache-maven-3.6.0/repo/net/minidev/json-smart/2.4.8/json-smart-2.4.8.jar:/Library/apache-maven-3.6.0/repo/net/minidev/accessors-smart/2.4.8/accessors-smart-2.4.8.jar:/Library/apache-maven-3.6.0/repo/org/ow2/asm/asm/9.1/asm-9.1.jar:/Library/apache-maven-3.6.0/repo/jakarta/xml/bind/jakarta.xml.bind-api/2.3.3/jakarta.xml.bind-api-2.3.3.jar:/Library/apache-maven-3.6.0/repo/jakarta/activation/jakarta.activation-api/1.2.2/jakarta.activation-api-1.2.2.jar:/Library/apache-maven-3.6.0/repo/org/assertj/assertj-core/3.22.0/assertj-core-3.22.0.jar:/Library/apache-maven-3.6.0/repo/org/hamcrest/hamcrest/2.2/hamcrest-2.2.jar:/Library/apache-maven-3.6.0/repo/org/junit/jupiter/junit-jupiter/5.8.2/junit-jupiter-5.8.2.jar:/Library/apache-maven-3.6.0/repo/org/junit/jupiter/junit-jupiter-api/5.8.2/junit-jupiter-api-5.8.2.jar:/Library/apache-maven-3.6.0/repo/org/opentest4j/opentest4j/1.2.0/opentest4j-1.2.0.jar:/Library/apache-maven-3.6.0/repo/org/junit/platform/junit-platform-commons/1.8.2/junit-platform-commons-1.8.2.jar:/Library/apache-maven-3.6.0/repo/org/apiguardian/apiguardian-api/1.1.2/apiguardian-api-1.1.2.jar:/Library/apache-maven-3.6.0/repo/org/junit/jupiter/junit-jupiter-params/5.8.2/junit-jupiter-params-5.8.2.jar:/Library/apache-maven-3.6.0/repo/org/junit/jupiter/junit-jupiter-engine/5.8.2/junit-jupiter-engine-5.8.2.jar:/Library/apache-maven-3.6.0/repo/org/junit/platform/junit-platform-engine/1.8.2/junit-platform-engine-1.8.2.jar:/Library/apache-maven-3.6.0/repo/org/mockito/mockito-core/4.5.1/mockito-core-4.5.1.jar:/Library/apache-maven-3.6.0/repo/net/bytebuddy/byte-buddy/1.12.17/byte-buddy-1.12.17.jar:/Library/apache-maven-3.6.0/repo/net/bytebuddy/byte-buddy-agent/1.12.17/byte-buddy-agent-1.12.17.jar:/Library/apache-maven-3.6.0/repo/org/objenesis/objenesis/3.2/objenesis-3.2.jar:/Library/apache-maven-3.6.0/repo/org/mockito/mockito-junit-jupiter/4.5.1/mockito-junit-jupiter-4.5.1.jar:/Library/apache-maven-3.6.0/repo/org/skyscreamer/jsonassert/1.5.1/jsonassert-1.5.1.jar:/Library/apache-maven-3.6.0/repo/com/vaadin/external/google/android-json/0.0.20131108.vaadin1/android-json-0.0.20131108.vaadin1.jar:/Library/apache-maven-3.6.0/repo/org/springframework/spring-core/5.3.23/spring-core-5.3.23.jar:/Library/apache-maven-3.6.0/repo/org/springframework/spring-jcl/5.3.23/spring-jcl-5.3.23.jar:/Library/apache-maven-3.6.0/repo/org/springframework/spring-test/5.3.23/spring-test-5.3.23.jar:/Library/apache-maven-3.6.0/repo/org/xmlunit/xmlunit-core/2.9.0/xmlunit-core-2.9.0.jar:/Library/apache-maven-3.6.0/repo/com/alibaba/fastjson/1.2.76/fastjson-1.2.76.jar:/Library/apache-maven-3.6.0/repo/commons-lang/commons-lang/2.6/commons-lang-2.6.jar:/Library/apache-maven-3.6.0/repo/com/baomidou/mybatis-plus-boot-starter/3.4.2/mybatis-plus-boot-starter-3.4.2.jar:/Library/apache-maven-3.6.0/repo/com/baomidou/mybatis-plus/3.4.2/mybatis-plus-3.4.2.jar:/Library/apache-maven-3.6.0/repo/com/baomidou/mybatis-plus-extension/3.4.2/mybatis-plus-extension-3.4.2.jar:/Library/apache-maven-3.6.0/repo/com/baomidou/mybatis-plus-core/3.4.2/mybatis-plus-core-3.4.2.jar:/Library/apache-maven-3.6.0/repo/com/baomidou/mybatis-plus-annotation/3.4.2/mybatis-plus-annotation-3.4.2.jar:/Library/apache-maven-3.6.0/repo/com/github/jsqlparser/jsqlparser/4.0/jsqlparser-4.0.jar:/Library/apache-maven-3.6.0/repo/org/mybatis/mybatis/3.5.6/mybatis-3.5.6.jar:/Library/apache-maven-3.6.0/repo/org/mybatis/mybatis-spring/2.0.5/mybatis-spring-2.0.5.jar:/Library/apache-maven-3.6.0/repo/org/springframework/boot/spring-boot-autoconfigure/2.7.4/spring-boot-autoconfigure-2.7.4.jar:/Library/apache-maven-3.6.0/repo/org/springframework/boot/spring-boot-starter-jdbc/2.7.4/spring-boot-starter-jdbc-2.7.4.jar:/Library/apache-maven-3.6.0/repo/com/zaxxer/HikariCP/4.0.3/HikariCP-4.0.3.jar:/Library/apache-maven-3.6.0/repo/org/springframework/spring-jdbc/5.3.23/spring-jdbc-5.3.23.jar:/Library/apache-maven-3.6.0/repo/org/springframework/spring-tx/5.3.23/spring-tx-5.3.23.jar:/Library/apache-maven-3.6.0/repo/com/alibaba/druid-spring-boot-starter/1.1.23/druid-spring-boot-starter-1.1.23.jar:/Library/apache-maven-3.6.0/repo/com/alibaba/druid/1.1.23/druid-1.1.23.jar:/Library/apache-maven-3.6.0/repo/org/slf4j/slf4j-api/1.7.36/slf4j-api-1.7.36.jar:"/>
    <property name="https.proxyPort" value="7890"/>
    <property name="java.vm.vendor" value="Oracle Corporation"/>
    <property name="sun.arch.data.model" value="64"/>
    <property name="java.vendor.url" value="https://java.oracle.com/"/>
    <property name="os.name" value="Mac OS X"/>
    <property name="java.vm.specification.version" value="17"/>
    <property name="sun.java.launcher" value="SUN_STANDARD"/>
    <property name="user.country" value="CN"/>
    <property name="sun.boot.library.path" value="/Library/Java/JavaVirtualMachines/jdk-17.0.3.1.jdk/Contents/Home/lib"/>
    <property name="sun.java.command" value="/Users/qiuyun/IdeaProjects/reggie_take_out/target/surefire/surefirebooter98286861699146747.jar /Users/qiuyun/IdeaProjects/reggie_take_out/target/surefire 2022-10-07T20-08-53_957-jvmRun1 surefire8198329090554233633tmp surefire_015335331258155848702tmp"/>
    <property name="http.nonProxyHosts" value="192.168.0.0/16|*.192.168.0.0/16|10.0.0.0/8|*.10.0.0.0/8|172.16.0.0/12|*.172.16.0.0/12|127.0.0.1|localhost|*.localhost|local|*.local|timestamp.apple.com|*.timestamp.apple.com"/>
    <property name="jdk.debug" value="release"/>
    <property name="surefire.test.class.path" value="/Users/qiuyun/IdeaProjects/reggie_take_out/target/test-classes:/Users/qiuyun/IdeaProjects/reggie_take_out/target/classes:/Library/apache-maven-3.6.0/repo/mysql/mysql-connector-java/8.0.30/mysql-connector-java-8.0.30.jar:/Library/apache-maven-3.6.0/repo/org/springframework/boot/spring-boot-starter-web/2.7.4/spring-boot-starter-web-2.7.4.jar:/Library/apache-maven-3.6.0/repo/org/springframework/boot/spring-boot-starter/2.7.4/spring-boot-starter-2.7.4.jar:/Library/apache-maven-3.6.0/repo/org/springframework/boot/spring-boot/2.7.4/spring-boot-2.7.4.jar:/Library/apache-maven-3.6.0/repo/org/springframework/boot/spring-boot-starter-logging/2.7.4/spring-boot-starter-logging-2.7.4.jar:/Library/apache-maven-3.6.0/repo/ch/qos/logback/logback-classic/1.2.11/logback-classic-1.2.11.jar:/Library/apache-maven-3.6.0/repo/ch/qos/logback/logback-core/1.2.11/logback-core-1.2.11.jar:/Library/apache-maven-3.6.0/repo/org/apache/logging/log4j/log4j-to-slf4j/2.17.2/log4j-to-slf4j-2.17.2.jar:/Library/apache-maven-3.6.0/repo/org/apache/logging/log4j/log4j-api/2.17.2/log4j-api-2.17.2.jar:/Library/apache-maven-3.6.0/repo/org/slf4j/jul-to-slf4j/1.7.36/jul-to-slf4j-1.7.36.jar:/Library/apache-maven-3.6.0/repo/jakarta/annotation/jakarta.annotation-api/1.3.5/jakarta.annotation-api-1.3.5.jar:/Library/apache-maven-3.6.0/repo/org/yaml/snakeyaml/1.30/snakeyaml-1.30.jar:/Library/apache-maven-3.6.0/repo/org/springframework/boot/spring-boot-starter-json/2.7.4/spring-boot-starter-json-2.7.4.jar:/Library/apache-maven-3.6.0/repo/com/fasterxml/jackson/core/jackson-databind/2.13.4/jackson-databind-2.13.4.jar:/Library/apache-maven-3.6.0/repo/com/fasterxml/jackson/core/jackson-annotations/2.13.4/jackson-annotations-2.13.4.jar:/Library/apache-maven-3.6.0/repo/com/fasterxml/jackson/core/jackson-core/2.13.4/jackson-core-2.13.4.jar:/Library/apache-maven-3.6.0/repo/com/fasterxml/jackson/datatype/jackson-datatype-jdk8/2.13.4/jackson-datatype-jdk8-2.13.4.jar:/Library/apache-maven-3.6.0/repo/com/fasterxml/jackson/datatype/jackson-datatype-jsr310/2.13.4/jackson-datatype-jsr310-2.13.4.jar:/Library/apache-maven-3.6.0/repo/com/fasterxml/jackson/module/jackson-module-parameter-names/2.13.4/jackson-module-parameter-names-2.13.4.jar:/Library/apache-maven-3.6.0/repo/org/springframework/boot/spring-boot-starter-tomcat/2.7.4/spring-boot-starter-tomcat-2.7.4.jar:/Library/apache-maven-3.6.0/repo/org/apache/tomcat/embed/tomcat-embed-core/9.0.65/tomcat-embed-core-9.0.65.jar:/Library/apache-maven-3.6.0/repo/org/apache/tomcat/embed/tomcat-embed-el/9.0.65/tomcat-embed-el-9.0.65.jar:/Library/apache-maven-3.6.0/repo/org/apache/tomcat/embed/tomcat-embed-websocket/9.0.65/tomcat-embed-websocket-9.0.65.jar:/Library/apache-maven-3.6.0/repo/org/springframework/spring-web/5.3.23/spring-web-5.3.23.jar:/Library/apache-maven-3.6.0/repo/org/springframework/spring-beans/5.3.23/spring-beans-5.3.23.jar:/Library/apache-maven-3.6.0/repo/org/springframework/spring-webmvc/5.3.23/spring-webmvc-5.3.23.jar:/Library/apache-maven-3.6.0/repo/org/springframework/spring-aop/5.3.23/spring-aop-5.3.23.jar:/Library/apache-maven-3.6.0/repo/org/springframework/spring-context/5.3.23/spring-context-5.3.23.jar:/Library/apache-maven-3.6.0/repo/org/springframework/spring-expression/5.3.23/spring-expression-5.3.23.jar:/Library/apache-maven-3.6.0/repo/org/projectlombok/lombok/1.18.20/lombok-1.18.20.jar:/Library/apache-maven-3.6.0/repo/org/springframework/boot/spring-boot-starter-test/2.7.4/spring-boot-starter-test-2.7.4.jar:/Library/apache-maven-3.6.0/repo/org/springframework/boot/spring-boot-test/2.7.4/spring-boot-test-2.7.4.jar:/Library/apache-maven-3.6.0/repo/org/springframework/boot/spring-boot-test-autoconfigure/2.7.4/spring-boot-test-autoconfigure-2.7.4.jar:/Library/apache-maven-3.6.0/repo/com/jayway/jsonpath/json-path/2.7.0/json-path-2.7.0.jar:/Library/apache-maven-3.6.0/repo/net/minidev/json-smart/2.4.8/json-smart-2.4.8.jar:/Library/apache-maven-3.6.0/repo/net/minidev/accessors-smart/2.4.8/accessors-smart-2.4.8.jar:/Library/apache-maven-3.6.0/repo/org/ow2/asm/asm/9.1/asm-9.1.jar:/Library/apache-maven-3.6.0/repo/jakarta/xml/bind/jakarta.xml.bind-api/2.3.3/jakarta.xml.bind-api-2.3.3.jar:/Library/apache-maven-3.6.0/repo/jakarta/activation/jakarta.activation-api/1.2.2/jakarta.activation-api-1.2.2.jar:/Library/apache-maven-3.6.0/repo/org/assertj/assertj-core/3.22.0/assertj-core-3.22.0.jar:/Library/apache-maven-3.6.0/repo/org/hamcrest/hamcrest/2.2/hamcrest-2.2.jar:/Library/apache-maven-3.6.0/repo/org/junit/jupiter/junit-jupiter/5.8.2/junit-jupiter-5.8.2.jar:/Library/apache-maven-3.6.0/repo/org/junit/jupiter/junit-jupiter-api/5.8.2/junit-jupiter-api-5.8.2.jar:/Library/apache-maven-3.6.0/repo/org/opentest4j/opentest4j/1.2.0/opentest4j-1.2.0.jar:/Library/apache-maven-3.6.0/repo/org/junit/platform/junit-platform-commons/1.8.2/junit-platform-commons-1.8.2.jar:/Library/apache-maven-3.6.0/repo/org/apiguardian/apiguardian-api/1.1.2/apiguardian-api-1.1.2.jar:/Library/apache-maven-3.6.0/repo/org/junit/jupiter/junit-jupiter-params/5.8.2/junit-jupiter-params-5.8.2.jar:/Library/apache-maven-3.6.0/repo/org/junit/jupiter/junit-jupiter-engine/5.8.2/junit-jupiter-engine-5.8.2.jar:/Library/apache-maven-3.6.0/repo/org/junit/platform/junit-platform-engine/1.8.2/junit-platform-engine-1.8.2.jar:/Library/apache-maven-3.6.0/repo/org/mockito/mockito-core/4.5.1/mockito-core-4.5.1.jar:/Library/apache-maven-3.6.0/repo/net/bytebuddy/byte-buddy/1.12.17/byte-buddy-1.12.17.jar:/Library/apache-maven-3.6.0/repo/net/bytebuddy/byte-buddy-agent/1.12.17/byte-buddy-agent-1.12.17.jar:/Library/apache-maven-3.6.0/repo/org/objenesis/objenesis/3.2/objenesis-3.2.jar:/Library/apache-maven-3.6.0/repo/org/mockito/mockito-junit-jupiter/4.5.1/mockito-junit-jupiter-4.5.1.jar:/Library/apache-maven-3.6.0/repo/org/skyscreamer/jsonassert/1.5.1/jsonassert-1.5.1.jar:/Library/apache-maven-3.6.0/repo/com/vaadin/external/google/android-json/0.0.20131108.vaadin1/android-json-0.0.20131108.vaadin1.jar:/Library/apache-maven-3.6.0/repo/org/springframework/spring-core/5.3.23/spring-core-5.3.23.jar:/Library/apache-maven-3.6.0/repo/org/springframework/spring-jcl/5.3.23/spring-jcl-5.3.23.jar:/Library/apache-maven-3.6.0/repo/org/springframework/spring-test/5.3.23/spring-test-5.3.23.jar:/Library/apache-maven-3.6.0/repo/org/xmlunit/xmlunit-core/2.9.0/xmlunit-core-2.9.0.jar:/Library/apache-maven-3.6.0/repo/com/alibaba/fastjson/1.2.76/fastjson-1.2.76.jar:/Library/apache-maven-3.6.0/repo/commons-lang/commons-lang/2.6/commons-lang-2.6.jar:/Library/apache-maven-3.6.0/repo/com/baomidou/mybatis-plus-boot-starter/3.4.2/mybatis-plus-boot-starter-3.4.2.jar:/Library/apache-maven-3.6.0/repo/com/baomidou/mybatis-plus/3.4.2/mybatis-plus-3.4.2.jar:/Library/apache-maven-3.6.0/repo/com/baomidou/mybatis-plus-extension/3.4.2/mybatis-plus-extension-3.4.2.jar:/Library/apache-maven-3.6.0/repo/com/baomidou/mybatis-plus-core/3.4.2/mybatis-plus-core-3.4.2.jar:/Library/apache-maven-3.6.0/repo/com/baomidou/mybatis-plus-annotation/3.4.2/mybatis-plus-annotation-3.4.2.jar:/Library/apache-maven-3.6.0/repo/com/github/jsqlparser/jsqlparser/4.0/jsqlparser-4.0.jar:/Library/apache-maven-3.6.0/repo/org/mybatis/mybatis/3.5.6/mybatis-3.5.6.jar:/Library/apache-maven-3.6.0/repo/org/mybatis/mybatis-spring/2.0.5/mybatis-spring-2.0.5.jar:/Library/apache-maven-3.6.0/repo/org/springframework/boot/spring-boot-autoconfigure/2.7.4/spring-boot-autoconfigure-2.7.4.jar:/Library/apache-maven-3.6.0/repo/org/springframework/boot/spring-boot-starter-jdbc/2.7.4/spring-boot-starter-jdbc-2.7.4.jar:/Library/apache-maven-3.6.0/repo/com/zaxxer/HikariCP/4.0.3/HikariCP-4.0.3.jar:/Library/apache-maven-3.6.0/repo/org/springframework/spring-jdbc/5.3.23/spring-jdbc-5.3.23.jar:/Library/apache-maven-3.6.0/repo/org/springframework/spring-tx/5.3.23/spring-tx-5.3.23.jar:/Library/apache-maven-3.6.0/repo/com/alibaba/druid-spring-boot-starter/1.1.23/druid-spring-boot-starter-1.1.23.jar:/Library/apache-maven-3.6.0/repo/com/alibaba/druid/1.1.23/druid-1.1.23.jar:/Library/apache-maven-3.6.0/repo/org/slf4j/slf4j-api/1.7.36/slf4j-api-1.7.36.jar:"/>
    <property name="sun.cpu.endian" value="little"/>
    <property name="user.home" value="/Users/qiuyun"/>
    <property name="user.language" value="zh"/>
    <property name="java.specification.vendor" value="Oracle Corporation"/>
    <property name="java.version.date" value="2022-04-22"/>
    <property name="java.home" value="/Library/Java/JavaVirtualMachines/jdk-17.0.3.1.jdk/Contents/Home"/>
    <property name="file.separator" value="/"/>
    <property name="https.proxyHost" value="127.0.0.1"/>
    <property name="basedir" value="/Users/qiuyun/IdeaProjects/reggie_take_out"/>
    <property name="java.vm.compressedOopsMode" value="Zero based"/>
    <property name="line.separator" value="&#10;"/>
    <property name="java.vm.specification.vendor" value="Oracle Corporation"/>
    <property name="java.specification.name" value="Java Platform API Specification"/>
    <property name="surefire.real.class.path" value="/Users/qiuyun/IdeaProjects/reggie_take_out/target/surefire/surefirebooter98286861699146747.jar"/>
    <property name="user.script" value="Hans"/>
    <property name="sun.management.compiler" value="HotSpot 64-Bit Tiered Compilers"/>
    <property name="ftp.nonProxyHosts" value="192.168.0.0/16|*.192.168.0.0/16|10.0.0.0/8|*.10.0.0.0/8|172.16.0.0/12|*.172.16.0.0/12|127.0.0.1|localhost|*.localhost|local|*.local|timestamp.apple.com|*.timestamp.apple.com"/>
    <property name="java.runtime.version" value="17.0.3.1+2-LTS-6"/>
    <property name="user.name" value="qiuyun"/>
    <property name="path.separator" value=":"/>
    <property name="os.version" value="12.3"/>
    <property name="java.runtime.name" value="Java(TM) SE Runtime Environment"/>
    <property name="file.encoding" value="UTF-8"/>
    <property name="java.vm.name" value="Java HotSpot(TM) 64-Bit Server VM"/>
    <property name="localRepository" value="/Library/apache-maven-3.6.0/repo"/>
    <property name="java.vendor.url.bug" value="https://bugreport.java.com/bugreport/"/>
    <property name="java.io.tmpdir" value="/var/folders/s2/_s3zfcq5665cg1lx8hv8hy9h0000gn/T/"/>
    <property name="idea.version" value="2021.2.3"/>
    <property name="java.version" value="17.0.3.1"/>
    <property name="user.dir" value="/Users/qiuyun/IdeaProjects/reggie_take_out"/>
    <property name="os.arch" value="x86_64"/>
    <property name="socksProxyPort" value="7890"/>
    <property name="java.vm.specification.name" value="Java Virtual Machine Specification"/>
    <property name="native.encoding" value="UTF-8"/>
    <property name="java.library.path" value="/Users/qiuyun/Library/Java/Extensions:/Library/Java/Extensions:/Network/Library/Java/Extensions:/System/Library/Java/Extensions:/usr/lib/java:."/>
    <property name="java.vm.info" value="mixed mode, sharing"/>
    <property name="java.vendor" value="Oracle Corporation"/>
    <property name="java.vm.version" value="17.0.3.1+2-LTS-6"/>
    <property name="sun.io.unicode.encoding" value="UnicodeBig"/>
    <property name="socksNonProxyHosts" value="192.168.0.0/16|*.192.168.0.0/16|10.0.0.0/8|*.10.0.0.0/8|172.16.0.0/12|*.172.16.0.0/12|127.0.0.1|localhost|*.localhost|local|*.local|timestamp.apple.com|*.timestamp.apple.com"/>
    <property name="java.class.version" value="61.0"/>
    <property name="http.proxyPort" value="7890"/>
  </properties>
  <testcase name="contextLoads" classname="com.example.ReggieTakeOutApplicationTests" time="0.427"/>
</testsuite>